<?xml version="1.0" encoding="UTF-8"?>
<!-- Generated by org.testng.reporters.JUnitReportReporter -->
<testsuite hostname="DESKTOP-O7CDP4U" failures="0" tests="2" name="com.tests.MyAccountsPageTests" time="3.588" errors="0" timestamp="2023-10-24T15:33:14 IST" skipped="0">
  <testcase classname="com.tests.MyAccountsPageTests" name="verifyloginToMyAccount" time="2.328"/>
  <testcase classname="com.tests.MyAccountsPageTests" name="verfiyLogoutToMyAccount" time="1.260"/>
</testsuite> <!-- com.tests.MyAccountsPageTests -->
