<?xml version="1.0" encoding="UTF-8"?>
<!-- Generated by org.testng.reporters.JUnitReportReporter -->
<testsuite hostname="suraj-db22" failures="0" tests="5" name="com.tests.HomePageTests" time="21.685" errors="0" timestamp="2023-10-16T16:05:18 IST" skipped="0">
  <testcase classname="com.tests.HomePageTests" name="verifyHomePageTitle" time="4.092"/>
  <system-out/>
  <testcase classname="com.tests.HomePageTests" name="verifyNewArrivalsDisplayed" time="2.941"/>
  <system-out/>
  <testcase classname="com.tests.HomePageTests" name="verifyFirstBookTitle" time="2.897"/>
  <system-out/>
  <testcase classname="com.tests.HomePageTests" name="verifySecondBookTitle" time="2.657"/>
  <system-out/>
  <testcase classname="com.tests.HomePageTests" name="verifyThrirdBookTitle" time="9.098"/>
  <system-out/>
</testsuite> <!-- com.tests.HomePageTests -->
