<?xml version="1.0" encoding="UTF-8"?>
<!-- Generated by org.testng.reporters.JUnitReportReporter -->
<testsuite hostname="DESKTOP-O7CDP4U" failures="0" tests="1" name="com.tests.LandingPagesAffiliateMarketingTest" time="341.101" errors="0" timestamp="2024-02-21T11:12:27 IST" skipped="0">
  <testcase classname="com.tests.LandingPagesAffiliateMarketingTest" name="VerifyAffiliateMarketingLandingPages" time="341.101"/>
</testsuite> <!-- com.tests.LandingPagesAffiliateMarketingTest -->
