<?xml version="1.0" encoding="UTF-8"?>
<!-- Generated by org.testng.reporters.JUnitReportReporter -->
<testsuite hostname="DESKTOP-O7CDP4U" failures="0" tests="1" name="com.tests.URLCheckerTest" time="1208.183" errors="0" timestamp="2023-11-24T11:11:55 IST" skipped="0">
  <testcase classname="com.tests.URLCheckerTest" name="verifyURL" time="1208.183"/>
</testsuite> <!-- com.tests.URLCheckerTest -->
